# JRE version: OpenJDK Runtime Environment (14.0.1+7) (build 14.0.1+7)
# Java VM: OpenJDK 64-Bit Server VM (14.0.1+7, mixed mode, sharing, tiered, compressed oops, g1 gc, windows-amd64)
Heap:
 garbage-first heap   total 262144K, used 112573K [0x0000000701000000, 0x0000000800000000)
  region size 1024K, 72 young (73728K), 1 survivors (1024K)
 Metaspace       used 10415K, capacity 10728K, committed 11008K, reserved 1058816K
  class space    used 1051K, capacity 1172K, committed 1280K, reserved 1048576K
GC Heap History (20 events):
Event: 0.915 GC heap before
{Heap before GC invocations=0 (full 0):
 garbage-first heap   total 262144K, used 31744K [0x0000000701000000, 0x0000000800000000)
  region size 1024K, 23 young (23552K), 0 survivors (0K)
 Metaspace       used 9089K, capacity 9348K, committed 9600K, reserved 1058816K
  class space    used 990K, capacity 1127K, committed 1152K, reserved 1048576K
}
Event: 0.918 GC heap after
{Heap after GC invocations=1 (full 0):
 garbage-first heap   total 262144K, used 11989K [0x0000000701000000, 0x0000000800000000)
  region size 1024K, 3 young (3072K), 3 survivors (3072K)
 Metaspace       used 9089K, capacity 9348K, committed 9600K, reserved 1058816K
  class space    used 990K, capacity 1127K, committed 1152K, reserved 1048576K
}
Event: 1.650 GC heap before
{Heap before GC invocations=1 (full 0):
 garbage-first heap   total 262144K, used 45781K [0x0000000701000000, 0x0000000800000000)
  region size 1024K, 32 young (32768K), 3 survivors (3072K)
 Metaspace       used 9571K, capacity 9815K, committed 9856K, reserved 1058816K
  class space    used 1005K, capacity 1132K, committed 1152K, reserved 1048576K
}
Event: 1.652 GC heap after
{Heap after GC invocations=2 (full 0):
 garbage-first heap   total 262144K, used 15497K [0x0000000701000000, 0x0000000800000000)
  region size 1024K, 1 young (1024K), 1 survivors (1024K)
 Metaspace       used 9571K, capacity 9815K, committed 9856K, reserved 1058816K
  class space    used 1005K, capacity 1132K, committed 1152K, reserved 1048576K
}
Event: 5.179 GC heap before
{Heap before GC invocations=2 (full 0):
 garbage-first heap   total 262144K, used 193673K [0x0000000701000000, 0x0000000800000000)
  region size 1024K, 153 young (156672K), 1 survivors (1024K)
 Metaspace       used 9892K, capacity 10136K, committed 10368K, reserved 1058816K
  class space    used 1010K, capacity 1132K, committed 1152K, reserved 1048576K
}
Event: 5.180 GC heap after
{Heap after GC invocations=3 (full 0):
 garbage-first heap   total 262144K, used 32681K [0x0000000701000000, 0x0000000800000000)
  region size 1024K, 1 young (1024K), 1 survivors (1024K)
 Metaspace       used 9892K, capacity 10136K, committed 10368K, reserved 1058816K
  class space    used 1010K, capacity 1132K, committed 1152K, reserved 1048576K
}
Event: 18.723 GC heap before
{Heap before GC invocations=3 (full 0):
 garbage-first heap   total 262144K, used 188329K [0x0000000701000000, 0x0000000800000000)
  region size 1024K, 153 young (156672K), 1 survivors (1024K)
 Metaspace       used 9938K, capacity 10264K, committed 10368K, reserved 1058816K
  class space    used 1011K, capacity 1132K, committed 1152K, reserved 1048576K
}
Event: 18.724 GC heap after
{Heap after GC invocations=4 (full 0):
 garbage-first heap   total 262144K, used 32746K [0x0000000701000000, 0x0000000800000000)
  region size 1024K, 1 young (1024K), 1 survivors (1024K)
 Metaspace       used 9938K, capacity 10264K, committed 10368K, reserved 1058816K
  class space    used 1011K, capacity 1132K, committed 1152K, reserved 1048576K
}
Event: 37.170 GC heap before
{Heap before GC invocations=4 (full 0):
 garbage-first heap   total 262144K, used 188394K [0x0000000701000000, 0x0000000800000000)
  region size 1024K, 153 young (156672K), 1 survivors (1024K)
 Metaspace       used 9985K, capacity 10264K, committed 10368K, reserved 1058816K
  class space    used 1013K, capacity 1132K, committed 1152K, reserved 1048576K
}
Event: 37.170 GC heap after
{Heap after GC invocations=5 (full 0):
 garbage-first heap   total 262144K, used 32729K [0x0000000701000000, 0x0000000800000000)
  region size 1024K, 1 young (1024K), 1 survivors (1024K)
 Metaspace       used 9985K, capacity 10264K, committed 10368K, reserved 1058816K
  class space    used 1013K, capacity 1132K, committed 1152K, reserved 1048576K
}
Event: 55.041 GC heap before
{Heap before GC invocations=5 (full 0):
 garbage-first heap   total 262144K, used 196569K [0x0000000701000000, 0x0000000800000000)
  region size 1024K, 153 young (156672K), 1 survivors (1024K)
 Metaspace       used 10008K, capacity 10328K, committed 10368K, reserved 1058816K
  class space    used 1015K, capacity 1132K, committed 1152K, reserved 1048576K
}
Event: 55.041 GC heap after
{Heap after GC invocations=6 (full 0):
 garbage-first heap   total 262144K, used 41312K [0x0000000701000000, 0x0000000800000000)
  region size 1024K, 1 young (1024K), 1 survivors (1024K)
 Metaspace       used 10008K, capacity 10328K, committed 10368K, reserved 1058816K
  class space    used 1015K, capacity 1132K, committed 1152K, reserved 1048576K
}
Event: 65.389 GC heap before
{Heap before GC invocations=6 (full 0):
 garbage-first heap   total 262144K, used 207200K [0x0000000701000000, 0x0000000800000000)
  region size 1024K, 153 young (156672K), 1 survivors (1024K)
 Metaspace       used 10119K, capacity 10392K, committed 10624K, reserved 1058816K
  class space    used 1017K, capacity 1132K, committed 1152K, reserved 1048576K
}
Event: 65.390 GC heap after
{Heap after GC invocations=7 (full 0):
 garbage-first heap   total 262144K, used 41067K [0x0000000701000000, 0x0000000800000000)
  region size 1024K, 1 young (1024K), 1 survivors (1024K)
 Metaspace       used 10119K, capacity 10392K, committed 10624K, reserved 1058816K
  class space    used 1017K, capacity 1132K, committed 1152K, reserved 1048576K
}
Event: 82.289 GC heap before
{Heap before GC invocations=7 (full 0):
 garbage-first heap   total 262144K, used 196715K [0x0000000701000000, 0x0000000800000000)
  region size 1024K, 153 young (156672K), 1 survivors (1024K)
 Metaspace       used 10409K, capacity 10728K, committed 11008K, reserved 1058816K
  class space    used 1051K, capacity 1172K, committed 1280K, reserved 1048576K
}
Event: 82.290 GC heap after
{Heap after GC invocations=8 (full 0):
 garbage-first heap   total 262144K, used 37027K [0x0000000701000000, 0x0000000800000000)
  region size 1024K, 1 young (1024K), 1 survivors (1024K)
 Metaspace       used 10409K, capacity 10728K, committed 11008K, reserved 1058816K
  class space    used 1051K, capacity 1172K, committed 1280K, reserved 1048576K
}
Event: 84.756 GC heap before
{Heap before GC invocations=8 (full 0):
 garbage-first heap   total 262144K, used 225443K [0x0000000701000000, 0x0000000800000000)
  region size 1024K, 153 young (156672K), 1 survivors (1024K)
 Metaspace       used 10412K, capacity 10728K, committed 11008K, reserved 1058816K
  class space    used 1051K, capacity 1172K, committed 1280K, reserved 1048576K
}
Event: 84.757 GC heap after
{Heap after GC invocations=9 (full 0):
 garbage-first heap   total 262144K, used 51454K [0x0000000701000000, 0x0000000800000000)
  region size 1024K, 1 young (1024K), 1 survivors (1024K)
 Metaspace       used 10412K, capacity 10728K, committed 11008K, reserved 1058816K
  class space    used 1051K, capacity 1172K, committed 1280K, reserved 1048576K
}
Event: 103.611 GC heap before
{Heap before GC invocations=9 (full 0):
 garbage-first heap   total 262144K, used 207102K [0x0000000701000000, 0x0000000800000000)
  region size 1024K, 153 young (156672K), 1 survivors (1024K)
 Metaspace       used 10413K, capacity 10728K, committed 11008K, reserved 1058816K
  class space    used 1051K, capacity 1172K, committed 1280K, reserved 1048576K
}
Event: 103.612 GC heap after
{Heap after GC invocations=10 (full 0):
 garbage-first heap   total 262144K, used 36797K [0x0000000701000000, 0x0000000800000000)
  region size 1024K, 1 young (1024K), 1 survivors (1024K)
 Metaspace       used 10413K, capacity 10728K, committed 11008K, reserved 1058816K
  class space    used 1051K, capacity 1172K, committed 1280K, reserved 1048576K
}

